<?xml version="1.0" encoding="UTF-8"?>
<!-- Generated by org.testng.reporters.JUnitReportReporter -->
<testsuite hostname="LAPTOP-MFTDN0JL" name="Test.PostAPITest_Prac" tests="1" failures="0" timestamp="4 Aug 2020 08:18:32 GMT" time="4.277" errors="0">
  <testcase name="post_validation" time="4.277" classname="Test.PostAPITest_Prac"/>
</testsuite> <!-- Test.PostAPITest_Prac -->
