<?xml version="1.0" encoding="UTF-8"?>
<!-- Generated by org.testng.reporters.JUnitReportReporter -->
<testsuite hostname="LAPTOP-MFTDN0JL" name="Test.getCallTest" tests="1" failures="0" timestamp="3 Aug 2020 07:30:31 GMT" time="3.082" errors="0">
  <testcase name="getAPIwithHeader" time="3.082" classname="Test.getCallTest"/>
</testsuite> <!-- Test.getCallTest -->
