<?xml version="1.0" encoding="UTF-8"?>
<!-- Generated by org.testng.reporters.JUnitReportReporter -->
<testsuite hostname="LAPTOP-MFTDN0JL" name="Test.PostAPITest" tests="1" failures="0" timestamp="4 Aug 2020 08:19:15 GMT" time="4.660" errors="0">
  <testcase name="PostAPICall" time="4.660" classname="Test.PostAPITest"/>
</testsuite> <!-- Test.PostAPITest -->
