<?xml version="1.0" encoding="UTF-8"?>
<!-- Generated by org.testng.reporters.JUnitReportReporter -->
<testsuite hostname="LAPTOP-MFTDN0JL" name="Test.GetAPITest" tests="1" failures="0" timestamp="3 Aug 2020 07:24:03 GMT" time="2.984" errors="0">
  <testcase name="getAPITestwithHeader" time="2.984" classname="Test.GetAPITest"/>
</testsuite> <!-- Test.GetAPITest -->
